<?xml version="1.0" encoding="UTF-8"?>
<!-- Generated by org.testng.reporters.JUnitReportReporter -->
<testsuite hostname="CMDLHRLT759" failures="0" tests="5" name="Test_Casses.TestCases" time="49.840" errors="0" timestamp="2022-11-25T06:03:05 EST" skipped="0">
  <testcase classname="Test_Casses.TestCases" name="Testcase1" time="11.106"/>
  <system-out/>
  <testcase classname="Test_Casses.TestCases" name="Testcase2" time="9.341"/>
  <system-out/>
  <testcase classname="Test_Casses.TestCases" name="Testcase3" time="9.003"/>
  <system-out/>
  <testcase classname="Test_Casses.TestCases" name="Testcase4" time="10.462"/>
  <system-out/>
  <testcase classname="Test_Casses.TestCases" name="Testcase5" time="9.928"/>
  <system-out/>
</testsuite> <!-- Test_Casses.TestCases -->
